{"J:\\Docs\\bootcamp\\my-portfolio-back\\app.js": {"path":"J:\\Docs\\bootcamp\\my-portfolio-back\\app.js","statementMap":{"0":{"start":{"line":1,"column":16},"end":{"line":1,"column":34}},"1":{"start":{"line":2,"column":17},"end":{"line":2,"column":36}},"2":{"start":{"line":3,"column":22},"end":{"line":3,"column":54}},"3":{"start":{"line":4,"column":0},"end":{"line":4,"column":27}},"4":{"start":{"line":5,"column":12},"end":{"line":5,"column":21}},"5":{"start":{"line":7,"column":0},"end":{"line":7,"column":24}},"6":{"start":{"line":8,"column":0},"end":{"line":8,"column":36}},"7":{"start":{"line":10,"column":18},"end":{"line":16,"column":1}},"8":{"start":{"line":11,"column":2},"end":{"line":15,"column":3}},"9":{"start":{"line":12,"column":4},"end":{"line":12,"column":53}},"10":{"start":{"line":14,"column":4},"end":{"line":14,"column":51}},"11":{"start":{"line":18,"column":15},"end":{"line":21,"column":2}},"12":{"start":{"line":19,"column":2},"end":{"line":19,"column":62}},"13":{"start":{"line":20,"column":2},"end":{"line":20,"column":14}},"14":{"start":{"line":25,"column":0},"end":{"line":25,"column":31}}},"fnMap":{"0":{"name":"(anonymous_0)","decl":{"start":{"line":10,"column":18},"end":{"line":10,"column":19}},"loc":{"start":{"line":10,"column":30},"end":{"line":16,"column":1}},"line":10},"1":{"name":"(anonymous_1)","decl":{"start":{"line":18,"column":44},"end":{"line":18,"column":45}},"loc":{"start":{"line":18,"column":48},"end":{"line":21,"column":1}},"line":18}},"branchMap":{},"s":{"0":1,"1":1,"2":1,"3":1,"4":1,"5":1,"6":1,"7":1,"8":1,"9":1,"10":0,"11":1,"12":1,"13":1,"14":1},"f":{"0":1,"1":1},"b":{},"_coverageSchema":"1a1c01bbd47fc00a2c39e90264f33305004495a9","hash":"439378d24aa2c9ddde19bf2b78728c3b468a399a"}
,"J:\\Docs\\bootcamp\\my-portfolio-back\\src\\controllers\\project.js": {"path":"J:\\Docs\\bootcamp\\my-portfolio-back\\src\\controllers\\project.js","statementMap":{"0":{"start":{"line":1,"column":23},"end":{"line":1,"column":53}},"1":{"start":{"line":3,"column":0},"end":{"line":11,"column":2}},"2":{"start":{"line":4,"column":2},"end":{"line":10,"column":3}},"3":{"start":{"line":5,"column":19},"end":{"line":5,"column":53}},"4":{"start":{"line":6,"column":4},"end":{"line":6,"column":37}},"5":{"start":{"line":8,"column":4},"end":{"line":8,"column":30}},"6":{"start":{"line":9,"column":4},"end":{"line":9,"column":68}},"7":{"start":{"line":13,"column":0},"end":{"line":21,"column":2}},"8":{"start":{"line":14,"column":2},"end":{"line":20,"column":3}},"9":{"start":{"line":15,"column":18},"end":{"line":15,"column":68}},"10":{"start":{"line":16,"column":4},"end":{"line":16,"column":35}},"11":{"start":{"line":18,"column":4},"end":{"line":18,"column":32}},"12":{"start":{"line":19,"column":4},"end":{"line":19,"column":62}},"13":{"start":{"line":23,"column":0},"end":{"line":34,"column":2}},"14":{"start":{"line":24,"column":2},"end":{"line":33,"column":3}},"15":{"start":{"line":25,"column":23},"end":{"line":25,"column":67}},"16":{"start":{"line":26,"column":4},"end":{"line":29,"column":7}},"17":{"start":{"line":31,"column":4},"end":{"line":31,"column":47}},"18":{"start":{"line":32,"column":4},"end":{"line":32,"column":67}},"19":{"start":{"line":36,"column":0},"end":{"line":47,"column":2}},"20":{"start":{"line":37,"column":2},"end":{"line":46,"column":3}},"21":{"start":{"line":38,"column":19},"end":{"line":38,"column":29}},"22":{"start":{"line":39,"column":24},"end":{"line":39,"column":32}},"23":{"start":{"line":41,"column":27},"end":{"line":41,"column":78}},"24":{"start":{"line":42,"column":4},"end":{"line":42,"column":41}},"25":{"start":{"line":44,"column":4},"end":{"line":44,"column":47}},"26":{"start":{"line":45,"column":4},"end":{"line":45,"column":62}}},"fnMap":{"0":{"name":"(anonymous_0)","decl":{"start":{"line":3,"column":22},"end":{"line":3,"column":23}},"loc":{"start":{"line":3,"column":42},"end":{"line":11,"column":1}},"line":3},"1":{"name":"(anonymous_1)","decl":{"start":{"line":13,"column":25},"end":{"line":13,"column":26}},"loc":{"start":{"line":13,"column":45},"end":{"line":21,"column":1}},"line":13},"2":{"name":"(anonymous_2)","decl":{"start":{"line":23,"column":24},"end":{"line":23,"column":25}},"loc":{"start":{"line":23,"column":44},"end":{"line":34,"column":1}},"line":23},"3":{"name":"(anonymous_3)","decl":{"start":{"line":36,"column":24},"end":{"line":36,"column":25}},"loc":{"start":{"line":36,"column":44},"end":{"line":47,"column":1}},"line":36}},"branchMap":{},"s":{"0":2,"1":2,"2":0,"3":0,"4":0,"5":0,"6":0,"7":2,"8":0,"9":0,"10":0,"11":0,"12":0,"13":2,"14":0,"15":0,"16":0,"17":0,"18":0,"19":2,"20":4,"21":4,"22":4,"23":4,"24":3,"25":1,"26":1},"f":{"0":0,"1":0,"2":0,"3":4},"b":{},"_coverageSchema":"1a1c01bbd47fc00a2c39e90264f33305004495a9","hash":"c4aaed9386cdf210c9f6de0593d12d68ef7b25b1"}
,"J:\\Docs\\bootcamp\\my-portfolio-back\\src\\models\\project.js": {"path":"J:\\Docs\\bootcamp\\my-portfolio-back\\src\\models\\project.js","statementMap":{"0":{"start":{"line":1,"column":17},"end":{"line":1,"column":36}},"1":{"start":{"line":3,"column":16},"end":{"line":3,"column":31}},"2":{"start":{"line":5,"column":22},"end":{"line":14,"column":2}},"3":{"start":{"line":16,"column":0},"end":{"line":16,"column":58}}},"fnMap":{},"branchMap":{},"s":{"0":3,"1":3,"2":3,"3":3},"f":{},"b":{},"_coverageSchema":"1a1c01bbd47fc00a2c39e90264f33305004495a9","hash":"d77cd977f55c28651521d320cd575974c962dd14"}
,"J:\\Docs\\bootcamp\\my-portfolio-back\\src\\routes\\projects.js": {"path":"J:\\Docs\\bootcamp\\my-portfolio-back\\src\\routes\\projects.js","statementMap":{"0":{"start":{"line":1,"column":16},"end":{"line":1,"column":34}},"1":{"start":{"line":2,"column":26},"end":{"line":2,"column":59}},"2":{"start":{"line":3,"column":15},"end":{"line":3,"column":31}},"3":{"start":{"line":5,"column":0},"end":{"line":5,"column":47}},"4":{"start":{"line":6,"column":0},"end":{"line":6,"column":53}},"5":{"start":{"line":7,"column":0},"end":{"line":7,"column":50}},"6":{"start":{"line":8,"column":0},"end":{"line":8,"column":52}},"7":{"start":{"line":10,"column":0},"end":{"line":10,"column":24}}},"fnMap":{},"branchMap":{},"s":{"0":1,"1":1,"2":1,"3":1,"4":1,"5":1,"6":1,"7":1},"f":{},"b":{},"_coverageSchema":"1a1c01bbd47fc00a2c39e90264f33305004495a9","hash":"2dbf0756da456eed3c4f0c2a071d63147aa70f9c"}
,"J:\\Docs\\bootcamp\\my-portfolio-back\\src\\services\\project.js": {"path":"J:\\Docs\\bootcamp\\my-portfolio-back\\src\\services\\project.js","statementMap":{"0":{"start":{"line":1,"column":16},"end":{"line":1,"column":44}},"1":{"start":{"line":3,"column":0},"end":{"line":6,"column":2}},"2":{"start":{"line":4,"column":17},"end":{"line":4,"column":51}},"3":{"start":{"line":5,"column":2},"end":{"line":5,"column":18}},"4":{"start":{"line":7,"column":0},"end":{"line":10,"column":2}},"5":{"start":{"line":8,"column":16},"end":{"line":8,"column":56}},"6":{"start":{"line":9,"column":2},"end":{"line":9,"column":17}},"7":{"start":{"line":12,"column":0},"end":{"line":22,"column":2}},"8":{"start":{"line":13,"column":18},"end":{"line":20,"column":4}},"9":{"start":{"line":21,"column":2},"end":{"line":21,"column":30}},"10":{"start":{"line":24,"column":0},"end":{"line":30,"column":2}},"11":{"start":{"line":25,"column":25},"end":{"line":27,"column":18}},"12":{"start":{"line":29,"column":2},"end":{"line":29,"column":24}},"13":{"start":{"line":33,"column":0},"end":{"line":35,"column":1}},"14":{"start":{"line":34,"column":1},"end":{"line":34,"column":44}}},"fnMap":{"0":{"name":"(anonymous_0)","decl":{"start":{"line":3,"column":22},"end":{"line":3,"column":23}},"loc":{"start":{"line":3,"column":34},"end":{"line":6,"column":1}},"line":3},"1":{"name":"(anonymous_1)","decl":{"start":{"line":7,"column":25},"end":{"line":7,"column":26}},"loc":{"start":{"line":7,"column":39},"end":{"line":10,"column":1}},"line":7},"2":{"name":"(anonymous_2)","decl":{"start":{"line":12,"column":24},"end":{"line":12,"column":25}},"loc":{"start":{"line":12,"column":47},"end":{"line":22,"column":1}},"line":12},"3":{"name":"(anonymous_3)","decl":{"start":{"line":24,"column":24},"end":{"line":24,"column":25}},"loc":{"start":{"line":24,"column":51},"end":{"line":30,"column":1}},"line":24},"4":{"name":"(anonymous_4)","decl":{"start":{"line":33,"column":24},"end":{"line":33,"column":25}},"loc":{"start":{"line":33,"column":37},"end":{"line":35,"column":1}},"line":33}},"branchMap":{},"s":{"0":3,"1":3,"2":0,"3":0,"4":3,"5":0,"6":0,"7":3,"8":0,"9":0,"10":3,"11":4,"12":4,"13":3,"14":1},"f":{"0":0,"1":0,"2":0,"3":4,"4":1},"b":{},"_coverageSchema":"1a1c01bbd47fc00a2c39e90264f33305004495a9","hash":"e542159f1ff53b151c29acd5b4f7601e2935f8b9"}
}
